<?xml version="1.0" encoding="UTF-8"?>
<!-- Generated by org.testng.reporters.JUnitReportReporter -->
<testsuite hostname="Manaskutty" failures="0" tests="1" name="Cucumber.TestNgtestrunner" time="24.033" errors="0" timestamp="2025-03-05T08:20:34 IST" skipped="0">
  <testcase classname="Cucumber.TestNgtestrunner" name="runScenario" time="24.033"/>
</testsuite> <!-- Cucumber.TestNgtestrunner -->
