<?xml version="1.0" encoding="UTF-8"?>
<!-- Generated by org.testng.reporters.JUnitReportReporter -->
<testsuite hostname="Manaskutty" failures="0" tests="1" name="MJacademy.test.Standalonetest" time="20.484" errors="0" timestamp="2024-12-02T07:47:42 IST" skipped="0">
  <testcase classname="MJacademy.test.Standalonetest" name="submitorder" time="20.484"/>
</testsuite> <!-- MJacademy.test.Standalonetest -->
