<?xml version="1.0" encoding="UTF-8"?>
<!-- Generated by org.testng.reporters.JUnitReportReporter -->
<testsuite hostname="Manaskutty" failures="0" tests="2" name="MJacademy.test.Submitorderflow" time="44.188" errors="0" timestamp="2025-03-01T13:39:26 IST" skipped="0">
  <testcase classname="MJacademy.test.Submitorderflow" name="submitorder" time="29.511"/>
  <testcase classname="MJacademy.test.Submitorderflow" name="Orderhistroy" time="14.677"/>
</testsuite> <!-- MJacademy.test.Submitorderflow -->
