<?xml version="1.0" encoding="UTF-8"?>
<!-- Generated by org.testng.reporters.JUnitReportReporter -->
<testsuite hostname="Manaskutty" failures="0" tests="3" name="MJacademy.test.Errormessageval" time="119.646" errors="0" timestamp="2025-01-20T07:45:14 IST" skipped="1">
  <testcase classname="MJacademy.test.Errormessageval" name="producterrval" time="50.361"/>
  <testcase classname="MJacademy.test.Errormessageval" name="loginerrval" time="43.322">
    <skipped/>
  </testcase> <!-- loginerrval -->
  <testcase classname="MJacademy.test.Errormessageval" name="loginerrval" time="25.963"/>
</testsuite> <!-- MJacademy.test.Errormessageval -->
