<?xml version="1.0" encoding="UTF-8"?>
<!-- Generated by org.testng.reporters.JUnitReportReporter -->
<testsuite hostname="Manaskutty" failures="0" tests="2" name="MJacademy.test.Submitorderflow" time="103.343" errors="0" timestamp="2025-01-20T07:45:14 IST" skipped="0">
  <testcase classname="MJacademy.test.Submitorderflow" name="submitorder" time="57.672"/>
  <testcase classname="MJacademy.test.Submitorderflow" name="Orderhistroy" time="45.671"/>
</testsuite> <!-- MJacademy.test.Submitorderflow -->
